Detecting CXX OpenMP version failed with the following output:
Change Dir: /Users/max/work/Graph/task1_src/cmake-build-debug/CMakeFiles/CMakeTmp

Run Build Command(s):/usr/bin/make cmTC_2dd2a/fast && /Library/Developer/CommandLineTools/usr/bin/make -f CMakeFiles/cmTC_2dd2a.dir/build.make CMakeFiles/cmTC_2dd2a.dir/build
Building CXX object CMakeFiles/cmTC_2dd2a.dir/OpenMPCheckVersion.cpp.o
/Library/Developer/CommandLineTools/usr/bin/c++    -Xpreprocessor -fopenmp -isysroot /Library/Developer/CommandLineTools/SDKs/MacOSX10.15.sdk   -std=gnu++11 -o CMakeFiles/cmTC_2dd2a.dir/OpenMPCheckVersion.cpp.o -c /Users/max/work/Graph/task1_src/cmake-build-debug/CMakeFiles/FindOpenMP/OpenMPCheckVersion.cpp
/Users/max/work/Graph/task1_src/cmake-build-debug/CMakeFiles/FindOpenMP/OpenMPCheckVersion.cpp:3:10: fatal error: 'omp.h' file not found
#include <omp.h>
         ^~~~~~~
1 error generated.
make[1]: *** [CMakeFiles/cmTC_2dd2a.dir/OpenMPCheckVersion.cpp.o] Error 1
make: *** [cmTC_2dd2a/fast] Error 2



Detecting C OpenMP version failed with the following output:
Change Dir: /Users/max/work/Graph/task1_src/cmake-build-debug/CMakeFiles/CMakeTmp

Run Build Command(s):/usr/bin/make cmTC_c215e/fast && /Library/Developer/CommandLineTools/usr/bin/make -f CMakeFiles/cmTC_c215e.dir/build.make CMakeFiles/cmTC_c215e.dir/build
Building C object CMakeFiles/cmTC_c215e.dir/OpenMPCheckVersion.c.o
/Library/Developer/CommandLineTools/usr/bin/cc   -Xpreprocessor -fopenmp -isysroot /Library/Developer/CommandLineTools/SDKs/MacOSX10.15.sdk   -o CMakeFiles/cmTC_c215e.dir/OpenMPCheckVersion.c.o   -c /Users/max/work/Graph/task1_src/cmake-build-debug/CMakeFiles/FindOpenMP/OpenMPCheckVersion.c
/Users/max/work/Graph/task1_src/cmake-build-debug/CMakeFiles/FindOpenMP/OpenMPCheckVersion.c:3:10: fatal error: 'omp.h' file not found
#include <omp.h>
         ^~~~~~~
1 error generated.
make[1]: *** [CMakeFiles/cmTC_c215e.dir/OpenMPCheckVersion.c.o] Error 1
make: *** [cmTC_c215e/fast] Error 2



Detecting CXX OpenMP version failed with the following output:
Change Dir: /Users/max/work/Graph/task1_src/cmake-build-debug/CMakeFiles/CMakeTmp

Run Build Command(s):/usr/bin/make cmTC_3c20b/fast && /Library/Developer/CommandLineTools/usr/bin/make -f CMakeFiles/cmTC_3c20b.dir/build.make CMakeFiles/cmTC_3c20b.dir/build
Building CXX object CMakeFiles/cmTC_3c20b.dir/OpenMPCheckVersion.cpp.o
/Library/Developer/CommandLineTools/usr/bin/c++    -Xpreprocessor -fopenmp -isysroot /Library/Developer/CommandLineTools/SDKs/MacOSX10.15.sdk   -std=gnu++11 -o CMakeFiles/cmTC_3c20b.dir/OpenMPCheckVersion.cpp.o -c /Users/max/work/Graph/task1_src/cmake-build-debug/CMakeFiles/FindOpenMP/OpenMPCheckVersion.cpp
/Users/max/work/Graph/task1_src/cmake-build-debug/CMakeFiles/FindOpenMP/OpenMPCheckVersion.cpp:3:10: fatal error: 'omp.h' file not found
#include <omp.h>
         ^~~~~~~
1 error generated.
make[1]: *** [CMakeFiles/cmTC_3c20b.dir/OpenMPCheckVersion.cpp.o] Error 1
make: *** [cmTC_3c20b/fast] Error 2



Detecting C OpenMP version failed with the following output:
Change Dir: /Users/max/work/Graph/task1_src/cmake-build-debug/CMakeFiles/CMakeTmp

Run Build Command(s):/usr/bin/make cmTC_c1936/fast && /Library/Developer/CommandLineTools/usr/bin/make -f CMakeFiles/cmTC_c1936.dir/build.make CMakeFiles/cmTC_c1936.dir/build
Building C object CMakeFiles/cmTC_c1936.dir/OpenMPCheckVersion.c.o
/Library/Developer/CommandLineTools/usr/bin/cc   -Xpreprocessor -fopenmp -isysroot /Library/Developer/CommandLineTools/SDKs/MacOSX10.15.sdk   -o CMakeFiles/cmTC_c1936.dir/OpenMPCheckVersion.c.o   -c /Users/max/work/Graph/task1_src/cmake-build-debug/CMakeFiles/FindOpenMP/OpenMPCheckVersion.c
/Users/max/work/Graph/task1_src/cmake-build-debug/CMakeFiles/FindOpenMP/OpenMPCheckVersion.c:3:10: fatal error: 'omp.h' file not found
#include <omp.h>
         ^~~~~~~
1 error generated.
make[1]: *** [CMakeFiles/cmTC_c1936.dir/OpenMPCheckVersion.c.o] Error 1
make: *** [cmTC_c1936/fast] Error 2



Detecting CXX OpenMP version failed with the following output:
Change Dir: /Users/max/work/Graph/task1_src/cmake-build-debug/CMakeFiles/CMakeTmp

Run Build Command(s):/usr/bin/make cmTC_86a2f/fast && /Library/Developer/CommandLineTools/usr/bin/make -f CMakeFiles/cmTC_86a2f.dir/build.make CMakeFiles/cmTC_86a2f.dir/build
Building CXX object CMakeFiles/cmTC_86a2f.dir/OpenMPCheckVersion.cpp.o
/Library/Developer/CommandLineTools/usr/bin/c++    -Xpreprocessor -fopenmp -isysroot /Library/Developer/CommandLineTools/SDKs/MacOSX10.15.sdk   -std=gnu++11 -o CMakeFiles/cmTC_86a2f.dir/OpenMPCheckVersion.cpp.o -c /Users/max/work/Graph/task1_src/cmake-build-debug/CMakeFiles/FindOpenMP/OpenMPCheckVersion.cpp
/Users/max/work/Graph/task1_src/cmake-build-debug/CMakeFiles/FindOpenMP/OpenMPCheckVersion.cpp:3:10: fatal error: 'omp.h' file not found
#include <omp.h>
         ^~~~~~~
1 error generated.
make[1]: *** [CMakeFiles/cmTC_86a2f.dir/OpenMPCheckVersion.cpp.o] Error 1
make: *** [cmTC_86a2f/fast] Error 2



Detecting C OpenMP version failed with the following output:
Change Dir: /Users/max/work/Graph/task1_src/cmake-build-debug/CMakeFiles/CMakeTmp

Run Build Command(s):/usr/bin/make cmTC_8f2a1/fast && /Library/Developer/CommandLineTools/usr/bin/make -f CMakeFiles/cmTC_8f2a1.dir/build.make CMakeFiles/cmTC_8f2a1.dir/build
Building C object CMakeFiles/cmTC_8f2a1.dir/OpenMPCheckVersion.c.o
/Library/Developer/CommandLineTools/usr/bin/cc   -Xpreprocessor -fopenmp -isysroot /Library/Developer/CommandLineTools/SDKs/MacOSX10.15.sdk   -o CMakeFiles/cmTC_8f2a1.dir/OpenMPCheckVersion.c.o   -c /Users/max/work/Graph/task1_src/cmake-build-debug/CMakeFiles/FindOpenMP/OpenMPCheckVersion.c
/Users/max/work/Graph/task1_src/cmake-build-debug/CMakeFiles/FindOpenMP/OpenMPCheckVersion.c:3:10: fatal error: 'omp.h' file not found
#include <omp.h>
         ^~~~~~~
1 error generated.
make[1]: *** [CMakeFiles/cmTC_8f2a1.dir/OpenMPCheckVersion.c.o] Error 1
make: *** [cmTC_8f2a1/fast] Error 2



Detecting CXX OpenMP version failed with the following output:
Change Dir: /Users/max/work/Graph/task1_src/cmake-build-debug/CMakeFiles/CMakeTmp

Run Build Command(s):/usr/bin/make cmTC_f1ed4/fast && /Library/Developer/CommandLineTools/usr/bin/make -f CMakeFiles/cmTC_f1ed4.dir/build.make CMakeFiles/cmTC_f1ed4.dir/build
Building CXX object CMakeFiles/cmTC_f1ed4.dir/OpenMPCheckVersion.cpp.o
/Library/Developer/CommandLineTools/usr/bin/c++    -Xpreprocessor -fopenmp -isysroot /Library/Developer/CommandLineTools/SDKs/MacOSX10.15.sdk   -std=gnu++11 -o CMakeFiles/cmTC_f1ed4.dir/OpenMPCheckVersion.cpp.o -c /Users/max/work/Graph/task1_src/cmake-build-debug/CMakeFiles/FindOpenMP/OpenMPCheckVersion.cpp
/Users/max/work/Graph/task1_src/cmake-build-debug/CMakeFiles/FindOpenMP/OpenMPCheckVersion.cpp:3:10: fatal error: 'omp.h' file not found
#include <omp.h>
         ^~~~~~~
1 error generated.
make[1]: *** [CMakeFiles/cmTC_f1ed4.dir/OpenMPCheckVersion.cpp.o] Error 1
make: *** [cmTC_f1ed4/fast] Error 2



Detecting C OpenMP version failed with the following output:
Change Dir: /Users/max/work/Graph/task1_src/cmake-build-debug/CMakeFiles/CMakeTmp

Run Build Command(s):/usr/bin/make cmTC_2ea95/fast && /Library/Developer/CommandLineTools/usr/bin/make -f CMakeFiles/cmTC_2ea95.dir/build.make CMakeFiles/cmTC_2ea95.dir/build
Building C object CMakeFiles/cmTC_2ea95.dir/OpenMPCheckVersion.c.o
/Library/Developer/CommandLineTools/usr/bin/cc   -Xpreprocessor -fopenmp -isysroot /Library/Developer/CommandLineTools/SDKs/MacOSX10.15.sdk   -o CMakeFiles/cmTC_2ea95.dir/OpenMPCheckVersion.c.o   -c /Users/max/work/Graph/task1_src/cmake-build-debug/CMakeFiles/FindOpenMP/OpenMPCheckVersion.c
/Users/max/work/Graph/task1_src/cmake-build-debug/CMakeFiles/FindOpenMP/OpenMPCheckVersion.c:3:10: fatal error: 'omp.h' file not found
#include <omp.h>
         ^~~~~~~
1 error generated.
make[2]: *** [CMakeFiles/cmTC_2ea95.dir/OpenMPCheckVersion.c.o] Error 1
make[1]: *** [cmTC_2ea95/fast] Error 2



Detecting CXX OpenMP version failed with the following output:
Change Dir: /Users/max/work/Graph/task1_src/cmake-build-debug/CMakeFiles/CMakeTmp

Run Build Command(s):/usr/bin/make cmTC_69e75/fast && /Library/Developer/CommandLineTools/usr/bin/make -f CMakeFiles/cmTC_69e75.dir/build.make CMakeFiles/cmTC_69e75.dir/build
Building CXX object CMakeFiles/cmTC_69e75.dir/OpenMPCheckVersion.cpp.o
/Library/Developer/CommandLineTools/usr/bin/c++    -Xpreprocessor -fopenmp -isysroot /Library/Developer/CommandLineTools/SDKs/MacOSX10.15.sdk   -std=gnu++11 -o CMakeFiles/cmTC_69e75.dir/OpenMPCheckVersion.cpp.o -c /Users/max/work/Graph/task1_src/cmake-build-debug/CMakeFiles/FindOpenMP/OpenMPCheckVersion.cpp
/Users/max/work/Graph/task1_src/cmake-build-debug/CMakeFiles/FindOpenMP/OpenMPCheckVersion.cpp:3:10: fatal error: 'omp.h' file not found
#include <omp.h>
         ^~~~~~~
1 error generated.
make[2]: *** [CMakeFiles/cmTC_69e75.dir/OpenMPCheckVersion.cpp.o] Error 1
make[1]: *** [cmTC_69e75/fast] Error 2



Detecting C OpenMP version failed with the following output:
Change Dir: /Users/max/work/Graph/task1_src/cmake-build-debug/CMakeFiles/CMakeTmp

Run Build Command(s):/usr/bin/make cmTC_e37ef/fast && /Library/Developer/CommandLineTools/usr/bin/make -f CMakeFiles/cmTC_e37ef.dir/build.make CMakeFiles/cmTC_e37ef.dir/build
Building C object CMakeFiles/cmTC_e37ef.dir/OpenMPCheckVersion.c.o
/Library/Developer/CommandLineTools/usr/bin/cc   -Xpreprocessor -fopenmp -isysroot /Library/Developer/CommandLineTools/SDKs/MacOSX10.15.sdk   -o CMakeFiles/cmTC_e37ef.dir/OpenMPCheckVersion.c.o   -c /Users/max/work/Graph/task1_src/cmake-build-debug/CMakeFiles/FindOpenMP/OpenMPCheckVersion.c
/Users/max/work/Graph/task1_src/cmake-build-debug/CMakeFiles/FindOpenMP/OpenMPCheckVersion.c:3:10: fatal error: 'omp.h' file not found
#include <omp.h>
         ^~~~~~~
1 error generated.
make[1]: *** [CMakeFiles/cmTC_e37ef.dir/OpenMPCheckVersion.c.o] Error 1
make: *** [cmTC_e37ef/fast] Error 2



Detecting CXX OpenMP version failed with the following output:
Change Dir: /Users/max/work/Graph/task1_src/cmake-build-debug/CMakeFiles/CMakeTmp

Run Build Command(s):/usr/bin/make cmTC_5b6dc/fast && /Library/Developer/CommandLineTools/usr/bin/make -f CMakeFiles/cmTC_5b6dc.dir/build.make CMakeFiles/cmTC_5b6dc.dir/build
Building CXX object CMakeFiles/cmTC_5b6dc.dir/OpenMPCheckVersion.cpp.o
/Library/Developer/CommandLineTools/usr/bin/c++    -Xpreprocessor -fopenmp -isysroot /Library/Developer/CommandLineTools/SDKs/MacOSX10.15.sdk   -std=gnu++11 -o CMakeFiles/cmTC_5b6dc.dir/OpenMPCheckVersion.cpp.o -c /Users/max/work/Graph/task1_src/cmake-build-debug/CMakeFiles/FindOpenMP/OpenMPCheckVersion.cpp
/Users/max/work/Graph/task1_src/cmake-build-debug/CMakeFiles/FindOpenMP/OpenMPCheckVersion.cpp:3:10: fatal error: 'omp.h' file not found
#include <omp.h>
         ^~~~~~~
1 error generated.
make[1]: *** [CMakeFiles/cmTC_5b6dc.dir/OpenMPCheckVersion.cpp.o] Error 1
make: *** [cmTC_5b6dc/fast] Error 2



Detecting C OpenMP version failed with the following output:
Change Dir: /Users/max/work/Graph/task1_src/cmake-build-debug/CMakeFiles/CMakeTmp

Run Build Command(s):/usr/bin/make cmTC_91c3c/fast && /Library/Developer/CommandLineTools/usr/bin/make -f CMakeFiles/cmTC_91c3c.dir/build.make CMakeFiles/cmTC_91c3c.dir/build
Building C object CMakeFiles/cmTC_91c3c.dir/OpenMPCheckVersion.c.o
/Library/Developer/CommandLineTools/usr/bin/cc   -Xpreprocessor -fopenmp -isysroot /Library/Developer/CommandLineTools/SDKs/MacOSX10.15.sdk   -o CMakeFiles/cmTC_91c3c.dir/OpenMPCheckVersion.c.o   -c /Users/max/work/Graph/task1_src/cmake-build-debug/CMakeFiles/FindOpenMP/OpenMPCheckVersion.c
/Users/max/work/Graph/task1_src/cmake-build-debug/CMakeFiles/FindOpenMP/OpenMPCheckVersion.c:3:10: fatal error: 'omp.h' file not found
#include <omp.h>
         ^~~~~~~
1 error generated.
make[1]: *** [CMakeFiles/cmTC_91c3c.dir/OpenMPCheckVersion.c.o] Error 1
make: *** [cmTC_91c3c/fast] Error 2



Detecting CXX OpenMP version failed with the following output:
Change Dir: /Users/max/work/Graph/task1_src/cmake-build-debug/CMakeFiles/CMakeTmp

Run Build Command(s):/usr/bin/make cmTC_4b475/fast && /Library/Developer/CommandLineTools/usr/bin/make -f CMakeFiles/cmTC_4b475.dir/build.make CMakeFiles/cmTC_4b475.dir/build
Building CXX object CMakeFiles/cmTC_4b475.dir/OpenMPCheckVersion.cpp.o
/Library/Developer/CommandLineTools/usr/bin/c++    -Xpreprocessor -fopenmp -isysroot /Library/Developer/CommandLineTools/SDKs/MacOSX10.15.sdk   -std=gnu++11 -o CMakeFiles/cmTC_4b475.dir/OpenMPCheckVersion.cpp.o -c /Users/max/work/Graph/task1_src/cmake-build-debug/CMakeFiles/FindOpenMP/OpenMPCheckVersion.cpp
/Users/max/work/Graph/task1_src/cmake-build-debug/CMakeFiles/FindOpenMP/OpenMPCheckVersion.cpp:3:10: fatal error: 'omp.h' file not found
#include <omp.h>
         ^~~~~~~
1 error generated.
make[1]: *** [CMakeFiles/cmTC_4b475.dir/OpenMPCheckVersion.cpp.o] Error 1
make: *** [cmTC_4b475/fast] Error 2



Detecting C OpenMP version failed with the following output:
Change Dir: /Users/max/work/Graph/task1_src/cmake-build-debug/CMakeFiles/CMakeTmp

Run Build Command(s):/usr/bin/make cmTC_1f5a4/fast && /Library/Developer/CommandLineTools/usr/bin/make -f CMakeFiles/cmTC_1f5a4.dir/build.make CMakeFiles/cmTC_1f5a4.dir/build
Building C object CMakeFiles/cmTC_1f5a4.dir/OpenMPCheckVersion.c.o
/Library/Developer/CommandLineTools/usr/bin/cc   -Xpreprocessor -fopenmp -isysroot /Library/Developer/CommandLineTools/SDKs/MacOSX10.15.sdk   -o CMakeFiles/cmTC_1f5a4.dir/OpenMPCheckVersion.c.o   -c /Users/max/work/Graph/task1_src/cmake-build-debug/CMakeFiles/FindOpenMP/OpenMPCheckVersion.c
/Users/max/work/Graph/task1_src/cmake-build-debug/CMakeFiles/FindOpenMP/OpenMPCheckVersion.c:3:10: fatal error: 'omp.h' file not found
#include <omp.h>
         ^~~~~~~
1 error generated.
make[1]: *** [CMakeFiles/cmTC_1f5a4.dir/OpenMPCheckVersion.c.o] Error 1
make: *** [cmTC_1f5a4/fast] Error 2



Detecting CXX OpenMP version failed with the following output:
Change Dir: /Users/max/work/Graph/task1_src/cmake-build-debug/CMakeFiles/CMakeTmp

Run Build Command(s):/usr/bin/make cmTC_68854/fast && /Library/Developer/CommandLineTools/usr/bin/make -f CMakeFiles/cmTC_68854.dir/build.make CMakeFiles/cmTC_68854.dir/build
Building CXX object CMakeFiles/cmTC_68854.dir/OpenMPCheckVersion.cpp.o
/Library/Developer/CommandLineTools/usr/bin/c++    -Xpreprocessor -fopenmp -isysroot /Library/Developer/CommandLineTools/SDKs/MacOSX10.15.sdk   -std=gnu++11 -o CMakeFiles/cmTC_68854.dir/OpenMPCheckVersion.cpp.o -c /Users/max/work/Graph/task1_src/cmake-build-debug/CMakeFiles/FindOpenMP/OpenMPCheckVersion.cpp
/Users/max/work/Graph/task1_src/cmake-build-debug/CMakeFiles/FindOpenMP/OpenMPCheckVersion.cpp:3:10: fatal error: 'omp.h' file not found
#include <omp.h>
         ^~~~~~~
1 error generated.
make[1]: *** [CMakeFiles/cmTC_68854.dir/OpenMPCheckVersion.cpp.o] Error 1
make: *** [cmTC_68854/fast] Error 2



Detecting CXX OpenMP version failed with the following output:
Change Dir: /Users/max/work/Graph/task1_src/cmake-build-debug/CMakeFiles/CMakeTmp

Run Build Command(s):/usr/bin/make cmTC_cfbf6/fast && /Library/Developer/CommandLineTools/usr/bin/make -f CMakeFiles/cmTC_cfbf6.dir/build.make CMakeFiles/cmTC_cfbf6.dir/build
Building CXX object CMakeFiles/cmTC_cfbf6.dir/OpenMPCheckVersion.cpp.o
/Library/Developer/CommandLineTools/usr/bin/c++    -Xpreprocessor -fopenmp -isysroot /Library/Developer/CommandLineTools/SDKs/MacOSX10.15.sdk   -std=gnu++11 -o CMakeFiles/cmTC_cfbf6.dir/OpenMPCheckVersion.cpp.o -c /Users/max/work/Graph/task1_src/cmake-build-debug/CMakeFiles/FindOpenMP/OpenMPCheckVersion.cpp
/Users/max/work/Graph/task1_src/cmake-build-debug/CMakeFiles/FindOpenMP/OpenMPCheckVersion.cpp:3:10: fatal error: 'omp.h' file not found
#include <omp.h>
         ^~~~~~~
1 error generated.
make[1]: *** [CMakeFiles/cmTC_cfbf6.dir/OpenMPCheckVersion.cpp.o] Error 1
make: *** [cmTC_cfbf6/fast] Error 2



Detecting CXX OpenMP version failed with the following output:
Change Dir: /Users/max/work/Graph/task1_src/cmake-build-debug/CMakeFiles/CMakeTmp

Run Build Command(s):/usr/bin/make cmTC_1ac80/fast && /Library/Developer/CommandLineTools/usr/bin/make -f CMakeFiles/cmTC_1ac80.dir/build.make CMakeFiles/cmTC_1ac80.dir/build
Building CXX object CMakeFiles/cmTC_1ac80.dir/OpenMPCheckVersion.cpp.o
/Library/Developer/CommandLineTools/usr/bin/c++    -Xpreprocessor -fopenmp -isysroot /Library/Developer/CommandLineTools/SDKs/MacOSX10.15.sdk   -std=gnu++11 -o CMakeFiles/cmTC_1ac80.dir/OpenMPCheckVersion.cpp.o -c /Users/max/work/Graph/task1_src/cmake-build-debug/CMakeFiles/FindOpenMP/OpenMPCheckVersion.cpp
/Users/max/work/Graph/task1_src/cmake-build-debug/CMakeFiles/FindOpenMP/OpenMPCheckVersion.cpp:3:10: fatal error: 'omp.h' file not found
#include <omp.h>
         ^~~~~~~
1 error generated.
make[1]: *** [CMakeFiles/cmTC_1ac80.dir/OpenMPCheckVersion.cpp.o] Error 1
make: *** [cmTC_1ac80/fast] Error 2



Detecting CXX OpenMP version failed with the following output:
Change Dir: /Users/max/work/Graph/task1_src/cmake-build-debug/CMakeFiles/CMakeTmp

Run Build Command(s):/usr/bin/make cmTC_7e89d/fast && /Library/Developer/CommandLineTools/usr/bin/make -f CMakeFiles/cmTC_7e89d.dir/build.make CMakeFiles/cmTC_7e89d.dir/build
Building CXX object CMakeFiles/cmTC_7e89d.dir/OpenMPCheckVersion.cpp.o
/Library/Developer/CommandLineTools/usr/bin/c++    -Xpreprocessor -fopenmp -isysroot /Library/Developer/CommandLineTools/SDKs/MacOSX10.15.sdk   -std=gnu++11 -o CMakeFiles/cmTC_7e89d.dir/OpenMPCheckVersion.cpp.o -c /Users/max/work/Graph/task1_src/cmake-build-debug/CMakeFiles/FindOpenMP/OpenMPCheckVersion.cpp
/Users/max/work/Graph/task1_src/cmake-build-debug/CMakeFiles/FindOpenMP/OpenMPCheckVersion.cpp:3:10: fatal error: 'omp.h' file not found
#include <omp.h>
         ^~~~~~~
1 error generated.
make[1]: *** [CMakeFiles/cmTC_7e89d.dir/OpenMPCheckVersion.cpp.o] Error 1
make: *** [cmTC_7e89d/fast] Error 2



Detecting CXX OpenMP version failed with the following output:
Change Dir: /Users/max/work/Graph/task1_src/cmake-build-debug/CMakeFiles/CMakeTmp

Run Build Command(s):/usr/bin/make cmTC_5a92c/fast && /Library/Developer/CommandLineTools/usr/bin/make -f CMakeFiles/cmTC_5a92c.dir/build.make CMakeFiles/cmTC_5a92c.dir/build
Building CXX object CMakeFiles/cmTC_5a92c.dir/OpenMPCheckVersion.cpp.o
/Library/Developer/CommandLineTools/usr/bin/c++    -Xpreprocessor -fopenmp -isysroot /Library/Developer/CommandLineTools/SDKs/MacOSX10.15.sdk   -std=gnu++11 -o CMakeFiles/cmTC_5a92c.dir/OpenMPCheckVersion.cpp.o -c /Users/max/work/Graph/task1_src/cmake-build-debug/CMakeFiles/FindOpenMP/OpenMPCheckVersion.cpp
/Users/max/work/Graph/task1_src/cmake-build-debug/CMakeFiles/FindOpenMP/OpenMPCheckVersion.cpp:3:10: fatal error: 'omp.h' file not found
#include <omp.h>
         ^~~~~~~
1 error generated.
make[1]: *** [CMakeFiles/cmTC_5a92c.dir/OpenMPCheckVersion.cpp.o] Error 1
make: *** [cmTC_5a92c/fast] Error 2



Detecting CXX OpenMP version failed with the following output:
Change Dir: /Users/max/work/Graph/task1_src/cmake-build-debug/CMakeFiles/CMakeTmp

Run Build Command(s):/usr/bin/make cmTC_4274c/fast && /Library/Developer/CommandLineTools/usr/bin/make -f CMakeFiles/cmTC_4274c.dir/build.make CMakeFiles/cmTC_4274c.dir/build
Building CXX object CMakeFiles/cmTC_4274c.dir/OpenMPCheckVersion.cpp.o
/Library/Developer/CommandLineTools/usr/bin/c++    -Xpreprocessor -fopenmp -isysroot /Library/Developer/CommandLineTools/SDKs/MacOSX10.15.sdk   -std=gnu++11 -o CMakeFiles/cmTC_4274c.dir/OpenMPCheckVersion.cpp.o -c /Users/max/work/Graph/task1_src/cmake-build-debug/CMakeFiles/FindOpenMP/OpenMPCheckVersion.cpp
/Users/max/work/Graph/task1_src/cmake-build-debug/CMakeFiles/FindOpenMP/OpenMPCheckVersion.cpp:3:10: fatal error: 'omp.h' file not found
#include <omp.h>
         ^~~~~~~
1 error generated.
make[1]: *** [CMakeFiles/cmTC_4274c.dir/OpenMPCheckVersion.cpp.o] Error 1
make: *** [cmTC_4274c/fast] Error 2



Detecting CXX OpenMP version failed with the following output:
Change Dir: /Users/max/work/Graph/task1_src/cmake-build-debug/CMakeFiles/CMakeTmp

Run Build Command(s):/usr/bin/make cmTC_6b512/fast && /Library/Developer/CommandLineTools/usr/bin/make -f CMakeFiles/cmTC_6b512.dir/build.make CMakeFiles/cmTC_6b512.dir/build
Building CXX object CMakeFiles/cmTC_6b512.dir/OpenMPCheckVersion.cpp.o
/Library/Developer/CommandLineTools/usr/bin/c++    -fopenmp=libomp -Wno-unused-command-line-argument -isysroot /Library/Developer/CommandLineTools/SDKs/MacOSX10.15.sdk   -std=gnu++11 -o CMakeFiles/cmTC_6b512.dir/OpenMPCheckVersion.cpp.o -c /Users/max/work/Graph/task1_src/cmake-build-debug/CMakeFiles/FindOpenMP/OpenMPCheckVersion.cpp
clang: error: unsupported argument 'libomp' to option 'fopenmp='
make[1]: *** [CMakeFiles/cmTC_6b512.dir/OpenMPCheckVersion.cpp.o] Error 1
make: *** [cmTC_6b512/fast] Error 2



Detecting CXX OpenMP version failed with the following output:
Change Dir: /Users/max/work/Graph/task1_src/cmake-build-debug/CMakeFiles/CMakeTmp

Run Build Command(s):/usr/bin/make cmTC_bd10a/fast && /Library/Developer/CommandLineTools/usr/bin/make -f CMakeFiles/cmTC_bd10a.dir/build.make CMakeFiles/cmTC_bd10a.dir/build
Building CXX object CMakeFiles/cmTC_bd10a.dir/OpenMPCheckVersion.cpp.o
/Library/Developer/CommandLineTools/usr/bin/c++    -fopenmp=libomp -Wno-unused-command-line-argument -isysroot /Library/Developer/CommandLineTools/SDKs/MacOSX10.15.sdk   -std=gnu++11 -o CMakeFiles/cmTC_bd10a.dir/OpenMPCheckVersion.cpp.o -c /Users/max/work/Graph/task1_src/cmake-build-debug/CMakeFiles/FindOpenMP/OpenMPCheckVersion.cpp
clang: error: unsupported argument 'libomp' to option 'fopenmp='
make[1]: *** [CMakeFiles/cmTC_bd10a.dir/OpenMPCheckVersion.cpp.o] Error 1
make: *** [cmTC_bd10a/fast] Error 2



Detecting CXX OpenMP version failed with the following output:
Change Dir: /Users/max/work/Graph/task1_src/cmake-build-debug/CMakeFiles/CMakeTmp

Run Build Command(s):/usr/bin/make cmTC_1992f/fast && /Library/Developer/CommandLineTools/usr/bin/make -f CMakeFiles/cmTC_1992f.dir/build.make CMakeFiles/cmTC_1992f.dir/build
Building CXX object CMakeFiles/cmTC_1992f.dir/OpenMPCheckVersion.cpp.o
/Library/Developer/CommandLineTools/usr/bin/c++    -fopenmp=libomp -Wno-unused-command-line-argument -isysroot /Library/Developer/CommandLineTools/SDKs/MacOSX10.15.sdk   -std=gnu++11 -o CMakeFiles/cmTC_1992f.dir/OpenMPCheckVersion.cpp.o -c /Users/max/work/Graph/task1_src/cmake-build-debug/CMakeFiles/FindOpenMP/OpenMPCheckVersion.cpp
clang: error: unsupported argument 'libomp' to option 'fopenmp='
make[1]: *** [CMakeFiles/cmTC_1992f.dir/OpenMPCheckVersion.cpp.o] Error 1
make: *** [cmTC_1992f/fast] Error 2



Detecting C OpenMP version failed with the following output:
Change Dir: /Users/max/work/Graph/task1_src/cmake-build-debug/CMakeFiles/CMakeTmp

Run Build Command(s):/usr/bin/make cmTC_bd648/fast && /Library/Developer/CommandLineTools/usr/bin/make -f CMakeFiles/cmTC_bd648.dir/build.make CMakeFiles/cmTC_bd648.dir/build
Building C object CMakeFiles/cmTC_bd648.dir/OpenMPCheckVersion.c.o
/Library/Developer/CommandLineTools/usr/bin/cc   -Xpreprocessor -fopenmp -isysroot /Library/Developer/CommandLineTools/SDKs/MacOSX10.15.sdk   -o CMakeFiles/cmTC_bd648.dir/OpenMPCheckVersion.c.o   -c /Users/max/work/Graph/task1_src/cmake-build-debug/CMakeFiles/FindOpenMP/OpenMPCheckVersion.c
/Users/max/work/Graph/task1_src/cmake-build-debug/CMakeFiles/FindOpenMP/OpenMPCheckVersion.c:3:10: fatal error: 'omp.h' file not found
#include <omp.h>
         ^~~~~~~
1 error generated.
make[1]: *** [CMakeFiles/cmTC_bd648.dir/OpenMPCheckVersion.c.o] Error 1
make: *** [cmTC_bd648/fast] Error 2



Detecting CXX OpenMP version failed with the following output:
Change Dir: /Users/max/work/Graph/task1_src/cmake-build-debug/CMakeFiles/CMakeTmp

Run Build Command(s):/usr/bin/make cmTC_a1065/fast && /Library/Developer/CommandLineTools/usr/bin/make -f CMakeFiles/cmTC_a1065.dir/build.make CMakeFiles/cmTC_a1065.dir/build
Building CXX object CMakeFiles/cmTC_a1065.dir/OpenMPCheckVersion.cpp.o
/Library/Developer/CommandLineTools/usr/bin/c++    -Xpreprocessor -fopenmp -isysroot /Library/Developer/CommandLineTools/SDKs/MacOSX10.15.sdk   -o CMakeFiles/cmTC_a1065.dir/OpenMPCheckVersion.cpp.o -c /Users/max/work/Graph/task1_src/cmake-build-debug/CMakeFiles/FindOpenMP/OpenMPCheckVersion.cpp
/Users/max/work/Graph/task1_src/cmake-build-debug/CMakeFiles/FindOpenMP/OpenMPCheckVersion.cpp:3:10: fatal error: 'omp.h' file not found
#include <omp.h>
         ^~~~~~~
1 error generated.
make[1]: *** [CMakeFiles/cmTC_a1065.dir/OpenMPCheckVersion.cpp.o] Error 1
make: *** [cmTC_a1065/fast] Error 2



Detecting C OpenMP version failed with the following output:
Change Dir: /Users/max/work/Graph/task1_src/cmake-build-debug/CMakeFiles/CMakeTmp

Run Build Command(s):/usr/bin/make cmTC_2124c/fast && /Library/Developer/CommandLineTools/usr/bin/make -f CMakeFiles/cmTC_2124c.dir/build.make CMakeFiles/cmTC_2124c.dir/build
Building C object CMakeFiles/cmTC_2124c.dir/OpenMPCheckVersion.c.o
/Library/Developer/CommandLineTools/usr/bin/cc   -Xpreprocessor -fopenmp -isysroot /Library/Developer/CommandLineTools/SDKs/MacOSX10.15.sdk   -o CMakeFiles/cmTC_2124c.dir/OpenMPCheckVersion.c.o   -c /Users/max/work/Graph/task1_src/cmake-build-debug/CMakeFiles/FindOpenMP/OpenMPCheckVersion.c
/Users/max/work/Graph/task1_src/cmake-build-debug/CMakeFiles/FindOpenMP/OpenMPCheckVersion.c:3:10: fatal error: 'omp.h' file not found
#include <omp.h>
         ^~~~~~~
1 error generated.
make[1]: *** [CMakeFiles/cmTC_2124c.dir/OpenMPCheckVersion.c.o] Error 1
make: *** [cmTC_2124c/fast] Error 2



Detecting CXX OpenMP version failed with the following output:
Change Dir: /Users/max/work/Graph/task1_src/cmake-build-debug/CMakeFiles/CMakeTmp

Run Build Command(s):/usr/bin/make cmTC_2ca57/fast && /Library/Developer/CommandLineTools/usr/bin/make -f CMakeFiles/cmTC_2ca57.dir/build.make CMakeFiles/cmTC_2ca57.dir/build
Building CXX object CMakeFiles/cmTC_2ca57.dir/OpenMPCheckVersion.cpp.o
/Library/Developer/CommandLineTools/usr/bin/c++    -Xpreprocessor -fopenmp -isysroot /Library/Developer/CommandLineTools/SDKs/MacOSX10.15.sdk   -o CMakeFiles/cmTC_2ca57.dir/OpenMPCheckVersion.cpp.o -c /Users/max/work/Graph/task1_src/cmake-build-debug/CMakeFiles/FindOpenMP/OpenMPCheckVersion.cpp
/Users/max/work/Graph/task1_src/cmake-build-debug/CMakeFiles/FindOpenMP/OpenMPCheckVersion.cpp:3:10: fatal error: 'omp.h' file not found
#include <omp.h>
         ^~~~~~~
1 error generated.
make[1]: *** [CMakeFiles/cmTC_2ca57.dir/OpenMPCheckVersion.cpp.o] Error 1
make: *** [cmTC_2ca57/fast] Error 2



Detecting C OpenMP version failed with the following output:
Change Dir: /Users/max/work/Graph/task1_src/cmake-build-debug/CMakeFiles/CMakeTmp

Run Build Command(s):/usr/bin/make cmTC_d1558/fast && /Library/Developer/CommandLineTools/usr/bin/make -f CMakeFiles/cmTC_d1558.dir/build.make CMakeFiles/cmTC_d1558.dir/build
Building C object CMakeFiles/cmTC_d1558.dir/OpenMPCheckVersion.c.o
/Library/Developer/CommandLineTools/usr/bin/cc   -Xpreprocessor -fopenmp -isysroot /Library/Developer/CommandLineTools/SDKs/MacOSX10.15.sdk   -o CMakeFiles/cmTC_d1558.dir/OpenMPCheckVersion.c.o   -c /Users/max/work/Graph/task1_src/cmake-build-debug/CMakeFiles/FindOpenMP/OpenMPCheckVersion.c
/Users/max/work/Graph/task1_src/cmake-build-debug/CMakeFiles/FindOpenMP/OpenMPCheckVersion.c:3:10: fatal error: 'omp.h' file not found
#include <omp.h>
         ^~~~~~~
1 error generated.
make[1]: *** [CMakeFiles/cmTC_d1558.dir/OpenMPCheckVersion.c.o] Error 1
make: *** [cmTC_d1558/fast] Error 2



Detecting CXX OpenMP version failed with the following output:
Change Dir: /Users/max/work/Graph/task1_src/cmake-build-debug/CMakeFiles/CMakeTmp

Run Build Command(s):/usr/bin/make cmTC_bb747/fast && /Library/Developer/CommandLineTools/usr/bin/make -f CMakeFiles/cmTC_bb747.dir/build.make CMakeFiles/cmTC_bb747.dir/build
Building CXX object CMakeFiles/cmTC_bb747.dir/OpenMPCheckVersion.cpp.o
/Library/Developer/CommandLineTools/usr/bin/c++    -Xpreprocessor -fopenmp -isysroot /Library/Developer/CommandLineTools/SDKs/MacOSX10.15.sdk   -o CMakeFiles/cmTC_bb747.dir/OpenMPCheckVersion.cpp.o -c /Users/max/work/Graph/task1_src/cmake-build-debug/CMakeFiles/FindOpenMP/OpenMPCheckVersion.cpp
/Users/max/work/Graph/task1_src/cmake-build-debug/CMakeFiles/FindOpenMP/OpenMPCheckVersion.cpp:3:10: fatal error: 'omp.h' file not found
#include <omp.h>
         ^~~~~~~
1 error generated.
make[1]: *** [CMakeFiles/cmTC_bb747.dir/OpenMPCheckVersion.cpp.o] Error 1
make: *** [cmTC_bb747/fast] Error 2



Detecting C OpenMP version failed with the following output:
Change Dir: /Users/max/work/Graph/task1_src/cmake-build-debug/CMakeFiles/CMakeTmp

Run Build Command(s):/usr/bin/make cmTC_63293/fast && /Library/Developer/CommandLineTools/usr/bin/make -f CMakeFiles/cmTC_63293.dir/build.make CMakeFiles/cmTC_63293.dir/build
Building C object CMakeFiles/cmTC_63293.dir/OpenMPCheckVersion.c.o
/Library/Developer/CommandLineTools/usr/bin/cc   -Xpreprocessor -fopenmp -isysroot /Library/Developer/CommandLineTools/SDKs/MacOSX10.15.sdk   -o CMakeFiles/cmTC_63293.dir/OpenMPCheckVersion.c.o   -c /Users/max/work/Graph/task1_src/cmake-build-debug/CMakeFiles/FindOpenMP/OpenMPCheckVersion.c
/Users/max/work/Graph/task1_src/cmake-build-debug/CMakeFiles/FindOpenMP/OpenMPCheckVersion.c:3:10: fatal error: 'omp.h' file not found
#include <omp.h>
         ^~~~~~~
1 error generated.
make[1]: *** [CMakeFiles/cmTC_63293.dir/OpenMPCheckVersion.c.o] Error 1
make: *** [cmTC_63293/fast] Error 2



Detecting CXX OpenMP version failed with the following output:
Change Dir: /Users/max/work/Graph/task1_src/cmake-build-debug/CMakeFiles/CMakeTmp

Run Build Command(s):/usr/bin/make cmTC_dac3f/fast && /Library/Developer/CommandLineTools/usr/bin/make -f CMakeFiles/cmTC_dac3f.dir/build.make CMakeFiles/cmTC_dac3f.dir/build
Building CXX object CMakeFiles/cmTC_dac3f.dir/OpenMPCheckVersion.cpp.o
/Library/Developer/CommandLineTools/usr/bin/c++    -Xpreprocessor -fopenmp -isysroot /Library/Developer/CommandLineTools/SDKs/MacOSX10.15.sdk   -o CMakeFiles/cmTC_dac3f.dir/OpenMPCheckVersion.cpp.o -c /Users/max/work/Graph/task1_src/cmake-build-debug/CMakeFiles/FindOpenMP/OpenMPCheckVersion.cpp
/Users/max/work/Graph/task1_src/cmake-build-debug/CMakeFiles/FindOpenMP/OpenMPCheckVersion.cpp:3:10: fatal error: 'omp.h' file not found
#include <omp.h>
         ^~~~~~~
1 error generated.
make[1]: *** [CMakeFiles/cmTC_dac3f.dir/OpenMPCheckVersion.cpp.o] Error 1
make: *** [cmTC_dac3f/fast] Error 2



Detecting C OpenMP version failed with the following output:
Change Dir: /Users/max/work/Graph/task1_src/cmake-build-debug/CMakeFiles/CMakeTmp

Run Build Command(s):/usr/bin/make cmTC_3061f/fast && /Library/Developer/CommandLineTools/usr/bin/make -f CMakeFiles/cmTC_3061f.dir/build.make CMakeFiles/cmTC_3061f.dir/build
Building C object CMakeFiles/cmTC_3061f.dir/OpenMPCheckVersion.c.o
/Library/Developer/CommandLineTools/usr/bin/cc   -Xpreprocessor -fopenmp -isysroot /Library/Developer/CommandLineTools/SDKs/MacOSX10.15.sdk   -o CMakeFiles/cmTC_3061f.dir/OpenMPCheckVersion.c.o   -c /Users/max/work/Graph/task1_src/cmake-build-debug/CMakeFiles/FindOpenMP/OpenMPCheckVersion.c
/Users/max/work/Graph/task1_src/cmake-build-debug/CMakeFiles/FindOpenMP/OpenMPCheckVersion.c:3:10: fatal error: 'omp.h' file not found
#include <omp.h>
         ^~~~~~~
1 error generated.
make[1]: *** [CMakeFiles/cmTC_3061f.dir/OpenMPCheckVersion.c.o] Error 1
make: *** [cmTC_3061f/fast] Error 2



Detecting CXX OpenMP version failed with the following output:
Change Dir: /Users/max/work/Graph/task1_src/cmake-build-debug/CMakeFiles/CMakeTmp

Run Build Command(s):/usr/bin/make cmTC_45e06/fast && /Library/Developer/CommandLineTools/usr/bin/make -f CMakeFiles/cmTC_45e06.dir/build.make CMakeFiles/cmTC_45e06.dir/build
Building CXX object CMakeFiles/cmTC_45e06.dir/OpenMPCheckVersion.cpp.o
/Library/Developer/CommandLineTools/usr/bin/c++    -Xpreprocessor -fopenmp -isysroot /Library/Developer/CommandLineTools/SDKs/MacOSX10.15.sdk   -o CMakeFiles/cmTC_45e06.dir/OpenMPCheckVersion.cpp.o -c /Users/max/work/Graph/task1_src/cmake-build-debug/CMakeFiles/FindOpenMP/OpenMPCheckVersion.cpp
/Users/max/work/Graph/task1_src/cmake-build-debug/CMakeFiles/FindOpenMP/OpenMPCheckVersion.cpp:3:10: fatal error: 'omp.h' file not found
#include <omp.h>
         ^~~~~~~
1 error generated.
make[1]: *** [CMakeFiles/cmTC_45e06.dir/OpenMPCheckVersion.cpp.o] Error 1
make: *** [cmTC_45e06/fast] Error 2



Detecting C OpenMP version failed with the following output:
Change Dir: /Users/max/work/Graph/task1_src/cmake-build-debug/CMakeFiles/CMakeTmp

Run Build Command(s):/usr/bin/make cmTC_e0762/fast && /Library/Developer/CommandLineTools/usr/bin/make -f CMakeFiles/cmTC_e0762.dir/build.make CMakeFiles/cmTC_e0762.dir/build
Building C object CMakeFiles/cmTC_e0762.dir/OpenMPCheckVersion.c.o
/Library/Developer/CommandLineTools/usr/bin/cc   -Xpreprocessor -fopenmp -isysroot /Library/Developer/CommandLineTools/SDKs/MacOSX10.15.sdk   -o CMakeFiles/cmTC_e0762.dir/OpenMPCheckVersion.c.o   -c /Users/max/work/Graph/task1_src/cmake-build-debug/CMakeFiles/FindOpenMP/OpenMPCheckVersion.c
/Users/max/work/Graph/task1_src/cmake-build-debug/CMakeFiles/FindOpenMP/OpenMPCheckVersion.c:3:10: fatal error: 'omp.h' file not found
#include <omp.h>
         ^~~~~~~
1 error generated.
make[1]: *** [CMakeFiles/cmTC_e0762.dir/OpenMPCheckVersion.c.o] Error 1
make: *** [cmTC_e0762/fast] Error 2



Detecting CXX OpenMP version failed with the following output:
Change Dir: /Users/max/work/Graph/task1_src/cmake-build-debug/CMakeFiles/CMakeTmp

Run Build Command(s):/usr/bin/make cmTC_79410/fast && /Library/Developer/CommandLineTools/usr/bin/make -f CMakeFiles/cmTC_79410.dir/build.make CMakeFiles/cmTC_79410.dir/build
Building CXX object CMakeFiles/cmTC_79410.dir/OpenMPCheckVersion.cpp.o
/Library/Developer/CommandLineTools/usr/bin/c++    -Xpreprocessor -fopenmp -isysroot /Library/Developer/CommandLineTools/SDKs/MacOSX10.15.sdk   -o CMakeFiles/cmTC_79410.dir/OpenMPCheckVersion.cpp.o -c /Users/max/work/Graph/task1_src/cmake-build-debug/CMakeFiles/FindOpenMP/OpenMPCheckVersion.cpp
/Users/max/work/Graph/task1_src/cmake-build-debug/CMakeFiles/FindOpenMP/OpenMPCheckVersion.cpp:3:10: fatal error: 'omp.h' file not found
#include <omp.h>
         ^~~~~~~
1 error generated.
make[1]: *** [CMakeFiles/cmTC_79410.dir/OpenMPCheckVersion.cpp.o] Error 1
make: *** [cmTC_79410/fast] Error 2



Detecting C OpenMP version failed with the following output:
Change Dir: /Users/max/work/Graph/task1_src/cmake-build-debug/CMakeFiles/CMakeTmp

Run Build Command(s):/usr/bin/make cmTC_b46b1/fast && /Library/Developer/CommandLineTools/usr/bin/make -f CMakeFiles/cmTC_b46b1.dir/build.make CMakeFiles/cmTC_b46b1.dir/build
Building C object CMakeFiles/cmTC_b46b1.dir/OpenMPCheckVersion.c.o
/Library/Developer/CommandLineTools/usr/bin/cc   -Xpreprocessor -fopenmp -isysroot /Library/Developer/CommandLineTools/SDKs/MacOSX10.15.sdk   -o CMakeFiles/cmTC_b46b1.dir/OpenMPCheckVersion.c.o   -c /Users/max/work/Graph/task1_src/cmake-build-debug/CMakeFiles/FindOpenMP/OpenMPCheckVersion.c
/Users/max/work/Graph/task1_src/cmake-build-debug/CMakeFiles/FindOpenMP/OpenMPCheckVersion.c:3:10: fatal error: 'omp.h' file not found
#include <omp.h>
         ^~~~~~~
1 error generated.
make[1]: *** [CMakeFiles/cmTC_b46b1.dir/OpenMPCheckVersion.c.o] Error 1
make: *** [cmTC_b46b1/fast] Error 2



Detecting CXX OpenMP version failed with the following output:
Change Dir: /Users/max/work/Graph/task1_src/cmake-build-debug/CMakeFiles/CMakeTmp

Run Build Command(s):/usr/bin/make cmTC_4bc08/fast && /Library/Developer/CommandLineTools/usr/bin/make -f CMakeFiles/cmTC_4bc08.dir/build.make CMakeFiles/cmTC_4bc08.dir/build
Building CXX object CMakeFiles/cmTC_4bc08.dir/OpenMPCheckVersion.cpp.o
/Library/Developer/CommandLineTools/usr/bin/c++    -Xpreprocessor;-fopenmp -isysroot /Library/Developer/CommandLineTools/SDKs/MacOSX10.15.sdk   -o CMakeFiles/cmTC_4bc08.dir/OpenMPCheckVersion.cpp.o -c /Users/max/work/Graph/task1_src/cmake-build-debug/CMakeFiles/FindOpenMP/OpenMPCheckVersion.cpp
clang: error: no input files
/bin/sh: -fopenmp: command not found
make[1]: *** [CMakeFiles/cmTC_4bc08.dir/OpenMPCheckVersion.cpp.o] Error 127
make: *** [cmTC_4bc08/fast] Error 2



Detecting C OpenMP version failed with the following output:
Change Dir: /Users/max/work/Graph/task1_src/cmake-build-debug/CMakeFiles/CMakeTmp

Run Build Command(s):/usr/bin/make cmTC_579f7/fast && /Library/Developer/CommandLineTools/usr/bin/make -f CMakeFiles/cmTC_579f7.dir/build.make CMakeFiles/cmTC_579f7.dir/build
Building C object CMakeFiles/cmTC_579f7.dir/OpenMPCheckVersion.c.o
/Library/Developer/CommandLineTools/usr/bin/cc   -Xpreprocessor -fopenmp -isysroot /Library/Developer/CommandLineTools/SDKs/MacOSX10.15.sdk   -o CMakeFiles/cmTC_579f7.dir/OpenMPCheckVersion.c.o   -c /Users/max/work/Graph/task1_src/cmake-build-debug/CMakeFiles/FindOpenMP/OpenMPCheckVersion.c
/Users/max/work/Graph/task1_src/cmake-build-debug/CMakeFiles/FindOpenMP/OpenMPCheckVersion.c:3:10: fatal error: 'omp.h' file not found
#include <omp.h>
         ^~~~~~~
1 error generated.
make[1]: *** [CMakeFiles/cmTC_579f7.dir/OpenMPCheckVersion.c.o] Error 1
make: *** [cmTC_579f7/fast] Error 2



Detecting CXX OpenMP version failed with the following output:
Change Dir: /Users/max/work/Graph/task1_src/cmake-build-debug/CMakeFiles/CMakeTmp

Run Build Command(s):/usr/bin/make cmTC_1d6d0/fast && /Library/Developer/CommandLineTools/usr/bin/make -f CMakeFiles/cmTC_1d6d0.dir/build.make CMakeFiles/cmTC_1d6d0.dir/build
Building CXX object CMakeFiles/cmTC_1d6d0.dir/OpenMPCheckVersion.cpp.o
/Library/Developer/CommandLineTools/usr/bin/c++    -Xpreprocessor;-fopenmp -isysroot /Library/Developer/CommandLineTools/SDKs/MacOSX10.15.sdk   -o CMakeFiles/cmTC_1d6d0.dir/OpenMPCheckVersion.cpp.o -c /Users/max/work/Graph/task1_src/cmake-build-debug/CMakeFiles/FindOpenMP/OpenMPCheckVersion.cpp
clang: error: no input files
/bin/sh: -fopenmp: command not found
make[1]: *** [CMakeFiles/cmTC_1d6d0.dir/OpenMPCheckVersion.cpp.o] Error 127
make: *** [cmTC_1d6d0/fast] Error 2



Detecting CXX OpenMP version failed with the following output:
Change Dir: /Users/max/work/Graph/task1_src/cmake-build-debug/CMakeFiles/CMakeTmp

Run Build Command(s):/usr/bin/make cmTC_53b4d/fast && /Library/Developer/CommandLineTools/usr/bin/make -f CMakeFiles/cmTC_53b4d.dir/build.make CMakeFiles/cmTC_53b4d.dir/build
Building CXX object CMakeFiles/cmTC_53b4d.dir/OpenMPCheckVersion.cpp.o
/Library/Developer/CommandLineTools/usr/bin/c++    -fopenmp -isysroot /Library/Developer/CommandLineTools/SDKs/MacOSX10.15.sdk   -std=gnu++11 -o CMakeFiles/cmTC_53b4d.dir/OpenMPCheckVersion.cpp.o -c /Users/max/work/Graph/task1_src/cmake-build-debug/CMakeFiles/FindOpenMP/OpenMPCheckVersion.cpp
clang: error: unsupported option '-fopenmp'
make[1]: *** [CMakeFiles/cmTC_53b4d.dir/OpenMPCheckVersion.cpp.o] Error 1
make: *** [cmTC_53b4d/fast] Error 2



Detecting CXX OpenMP version failed with the following output:
Change Dir: /Users/max/work/Graph/task1_src/cmake-build-debug/CMakeFiles/CMakeTmp

Run Build Command(s):/usr/bin/make cmTC_e91ba/fast && /Library/Developer/CommandLineTools/usr/bin/make -f CMakeFiles/cmTC_e91ba.dir/build.make CMakeFiles/cmTC_e91ba.dir/build
Building CXX object CMakeFiles/cmTC_e91ba.dir/OpenMPCheckVersion.cpp.o
/Library/Developer/CommandLineTools/usr/bin/c++    -fopenmp -isysroot /Library/Developer/CommandLineTools/SDKs/MacOSX10.15.sdk   -std=gnu++11 -o CMakeFiles/cmTC_e91ba.dir/OpenMPCheckVersion.cpp.o -c /Users/max/work/Graph/task1_src/cmake-build-debug/CMakeFiles/FindOpenMP/OpenMPCheckVersion.cpp
clang: error: unsupported option '-fopenmp'
make[1]: *** [CMakeFiles/cmTC_e91ba.dir/OpenMPCheckVersion.cpp.o] Error 1
make: *** [cmTC_e91ba/fast] Error 2



Detecting CXX OpenMP version failed with the following output:
Change Dir: /Users/max/work/Graph/task1_src/cmake-build-debug/CMakeFiles/CMakeTmp

Run Build Command(s):/usr/bin/make cmTC_f1cf6/fast && /Library/Developer/CommandLineTools/usr/bin/make -f CMakeFiles/cmTC_f1cf6.dir/build.make CMakeFiles/cmTC_f1cf6.dir/build
Building CXX object CMakeFiles/cmTC_f1cf6.dir/OpenMPCheckVersion.cpp.o
/Library/Developer/CommandLineTools/usr/bin/c++    -Xpreprocessor -fopenmp -isysroot /Library/Developer/CommandLineTools/SDKs/MacOSX10.15.sdk   -std=gnu++11 -o CMakeFiles/cmTC_f1cf6.dir/OpenMPCheckVersion.cpp.o -c /Users/max/work/Graph/task1_src/cmake-build-debug/CMakeFiles/FindOpenMP/OpenMPCheckVersion.cpp
/Users/max/work/Graph/task1_src/cmake-build-debug/CMakeFiles/FindOpenMP/OpenMPCheckVersion.cpp:3:10: fatal error: 'omp.h' file not found
#include <omp.h>
         ^~~~~~~
1 error generated.
make[1]: *** [CMakeFiles/cmTC_f1cf6.dir/OpenMPCheckVersion.cpp.o] Error 1
make: *** [cmTC_f1cf6/fast] Error 2



Detecting CXX OpenMP version failed with the following output:
Change Dir: /Users/max/work/Graph/task1_src/cmake-build-debug/CMakeFiles/CMakeTmp

Run Build Command(s):/usr/bin/make cmTC_894c0/fast && /Library/Developer/CommandLineTools/usr/bin/make -f CMakeFiles/cmTC_894c0.dir/build.make CMakeFiles/cmTC_894c0.dir/build
Building CXX object CMakeFiles/cmTC_894c0.dir/OpenMPCheckVersion.cpp.o
/Library/Developer/CommandLineTools/usr/bin/c++    -I/opt/local/include/libomp -L/opt/local/lib/libomp -fopenmp -isysroot /Library/Developer/CommandLineTools/SDKs/MacOSX10.15.sdk   -std=gnu++11 -o CMakeFiles/cmTC_894c0.dir/OpenMPCheckVersion.cpp.o -c /Users/max/work/Graph/task1_src/cmake-build-debug/CMakeFiles/FindOpenMP/OpenMPCheckVersion.cpp
clang: error: unsupported option '-fopenmp'
make[1]: *** [CMakeFiles/cmTC_894c0.dir/OpenMPCheckVersion.cpp.o] Error 1
make: *** [cmTC_894c0/fast] Error 2



Detecting CXX OpenMP version failed with the following output:
Change Dir: /Users/max/work/Graph/task1_src/cmake-build-debug/CMakeFiles/CMakeTmp

Run Build Command(s):/usr/bin/make cmTC_1136a/fast && /Library/Developer/CommandLineTools/usr/bin/make -f CMakeFiles/cmTC_1136a.dir/build.make CMakeFiles/cmTC_1136a.dir/build
Building CXX object CMakeFiles/cmTC_1136a.dir/OpenMPCheckVersion.cpp.o
/Library/Developer/CommandLineTools/usr/bin/c++    -Xpreprocessor -I/opt/local/include/libomp -L/opt/local/lib/libomp -fopenmp -isysroot /Library/Developer/CommandLineTools/SDKs/MacOSX10.15.sdk   -std=gnu++11 -o CMakeFiles/cmTC_1136a.dir/OpenMPCheckVersion.cpp.o -c /Users/max/work/Graph/task1_src/cmake-build-debug/CMakeFiles/FindOpenMP/OpenMPCheckVersion.cpp
clang: error: unsupported option '-fopenmp'
make[2]: *** [CMakeFiles/cmTC_1136a.dir/OpenMPCheckVersion.cpp.o] Error 1
make[1]: *** [cmTC_1136a/fast] Error 2



Detecting CXX OpenMP version failed with the following output:
Change Dir: /Users/max/work/Graph/task1_src/cmake-build-debug/CMakeFiles/CMakeTmp

Run Build Command(s):/usr/bin/make cmTC_b3c94/fast && /Library/Developer/CommandLineTools/usr/bin/make -f CMakeFiles/cmTC_b3c94.dir/build.make CMakeFiles/cmTC_b3c94.dir/build
Building CXX object CMakeFiles/cmTC_b3c94.dir/OpenMPCheckVersion.cpp.o
/Library/Developer/CommandLineTools/usr/bin/c++    -Xpreprocessor -I/opt/local/include/libomp -L/opt/local/lib/libomp -fopenmp -isysroot /Library/Developer/CommandLineTools/SDKs/MacOSX10.15.sdk   -std=gnu++11 -o CMakeFiles/cmTC_b3c94.dir/OpenMPCheckVersion.cpp.o -c /Users/max/work/Graph/task1_src/cmake-build-debug/CMakeFiles/FindOpenMP/OpenMPCheckVersion.cpp
clang: error: unsupported option '-fopenmp'
make[1]: *** [CMakeFiles/cmTC_b3c94.dir/OpenMPCheckVersion.cpp.o] Error 1
make: *** [cmTC_b3c94/fast] Error 2



